Mono path[0] = 'E:/game/Hollow Knight/Hollow Knight_Data/Managed'
Mono config path = 'E:/game/Hollow Knight/MonoBleedingEdge/etc'
Initialize engine version: 2020.2.2f1 (068178b99f32)
[Subsystems] Discovering subsystems at path E:/game/Hollow Knight/Hollow Knight_Data/UnitySubsystems
GfxDevice: creating device client; threaded=1
Direct3D:
    Version:  Direct3D 11.0 [level 11.1]
    Renderer: Intel(R) UHD Graphics 630 (ID=0x9bc5)
    Vendor:   
    VRAM:     8085 MB
    Driver:   30.0.101.2079
Begin MonoManager ReloadAssembly
- Completed reload, in  3.691 seconds
OnLevelWasLoaded was found on GameMap
This message has been deprecated and will be removed in a later version of Unity.
Add a delegate to SceneManager.sceneLoaded instead to get notifications after scene loading has completed

OnLevelWasLoaded was found on PlayMakerUnity2d
This message has been deprecated and will be removed in a later version of Unity.
Add a delegate to SceneManager.sceneLoaded instead to get notifications after scene loading has completed

D3D11 device created for Microsoft Media Foundation video decoding.
<RI> Initializing input.
<RI> Input initialized.
<RI> Initialized touch support.
The class named 'ConfigManager' is abstract. The script class can't be abstract!

UnloadTime: 22.548000 ms
Graphics tier changed to High

GOG signing in...

Selected online subsystem GOGGalaxyOnlineSubsystem

Discovered supported languages: DE, EN, ES, FR, IT, JA, KO, PT, RU, ZH

Unloading 5 Unused Serialized files (Serialized files now loaded: 0)
Loaded saved language code 'ZH'

Restored language code 'ZH'


Unloading 362 unused Assets to reduce memory usage. Loaded Objects now: 3824.
Total: 2.346500 ms (FindLiveObjects: 0.264400 ms CreateObjectMapping: 0.222700 ms MarkObjects: 1.724400 ms  DeleteObjects: 0.134500 ms)

Unloading 5 Unused Serialized files (Serialized files now loaded: 0)
GOG authorization failed: FAILURE_REASON_GALAXY_SERVICE_NOT_AVAILABLE

Didn't need to wait for PlayerPrefs load.

UnloadTime: 4.448400 ms
DontDestroyOnLoad only works for root GameObjects or components on root GameObjects.

Performing automatic level start.

Game controller set to None.

pd.maxHealth: 9 pd.maxHealthBase: 9

pd.maxHealth: 5 pd.maxHealthBase: 5

pd.maxHealth: 5 pd.maxHealthBase: 5

pd.maxHealth: 5 pd.maxHealthBase: 5


Unloading 30 unused Assets to reduce memory usage. Loaded Objects now: 45155.
Total: 107.906300 ms (FindLiveObjects: 2.015700 ms CreateObjectMapping: 1.372300 ms MarkObjects: 104.401000 ms  DeleteObjects: 0.117000 ms)

Making UI menu lean.

AddEventHandlerComponent: PlayMakerFixedUpdate

AddEventHandlerComponent: PlayMakerFixedUpdate

AddEventHandlerComponent: PlayMakerFixedUpdate

AddEventHandlerComponent: PlayMakerFixedUpdate

AddEventHandlerComponent: PlayMakerFixedUpdate

AddEventHandlerComponent: PlayMakerFixedUpdate

AddEventHandlerComponent: PlayMakerFixedUpdate

AddEventHandlerComponent: PlayMakerFixedUpdate

AddEventHandlerComponent: PlayMakerFixedUpdate

AddEventHandlerComponent: PlayMakerFixedUpdate

AddEventHandlerComponent: PlayMakerFixedUpdate

AddEventHandlerComponent: PlayMakerFixedUpdate

AddEventHandlerComponent: PlayMakerFixedUpdate

AddEventHandlerComponent: PlayMakerFixedUpdate

AddEventHandlerComponent: PlayMakerFixedUpdate

AddEventHandlerComponent: PlayMakerFixedUpdate

AddEventHandlerComponent: PlayMakerCollisionEnter2D

AddEventHandlerComponent: PlayMakerFixedUpdate

AddEventHandlerComponent: PlayMakerFixedUpdate

AddEventHandlerComponent: PlayMakerFixedUpdate

AddEventHandlerComponent: PlayMakerFixedUpdate

AddEventHandlerComponent: PlayMakerFixedUpdate

AddEventHandlerComponent: PlayMakerFixedUpdate

Deferring level start (marked as manual).

Unloading 8 Unused Serialized files (Serialized files now loaded: 0)

Unloading 180 unused Assets to reduce memory usage. Loaded Objects now: 50424.
Total: 139.131100 ms (FindLiveObjects: 2.366600 ms CreateObjectMapping: 1.577300 ms MarkObjects: 134.269100 ms  DeleteObjects: 0.917800 ms)

Unable to get achievement CHARMED, because GOG is not authenticated.

Unable to push achievement CHARMED, because GOG is not authenticated.

Unloading 6 Unused Serialized files (Serialized files now loaded: 0)
UnloadTime: 6.026800 ms
Deferring level start (marked as manual).


Unloading 1052 unused Assets to reduce memory usage. Loaded Objects now: 52506.
Total: 175.895600 ms (FindLiveObjects: 3.258300 ms CreateObjectMapping: 2.159700 ms MarkObjects: 168.268700 ms  DeleteObjects: 2.207800 ms)

Unloading 5 Unused Serialized files (Serialized files now loaded: 0)
UnloadTime: 0.256900 ms
DontDestroyOnLoad only works for root GameObjects or components on root GameObjects.

Performing automatic level start.

Game controller set to None.

pd.maxHealth: 9 pd.maxHealthBase: 9

pd.maxHealth: 5 pd.maxHealthBase: 5

pd.maxHealth: 5 pd.maxHealthBase: 5

pd.maxHealth: 5 pd.maxHealthBase: 5


Unloading 380 unused Assets to reduce memory usage. Loaded Objects now: 46521.
Total: 125.566500 ms (FindLiveObjects: 3.189700 ms CreateObjectMapping: 1.447800 ms MarkObjects: 119.796600 ms  DeleteObjects: 1.130900 ms)

Setting up 6 worker threads for Enlighten.
  Thread -> id: 1b68 -> priority: 1 
  Thread -> id: 351c -> priority: 1 
  Thread -> id: 3068 -> priority: 1 
  Thread -> id: 3010 -> priority: 1 
  Thread -> id: 2eec -> priority: 1 
  Thread -> id: 1d0c -> priority: 1 
