Mono path[0] = 'E:/game/Hollow Knight/Hollow Knight_Data/Managed'
Mono config path = 'E:/game/Hollow Knight/MonoBleedingEdge/etc'
Initialize engine version: 2020.2.2f1 (068178b99f32)
[Subsystems] Discovering subsystems at path E:/game/Hollow Knight/Hollow Knight_Data/UnitySubsystems
GfxDevice: creating device client; threaded=1
Direct3D:
    Version:  Direct3D 11.0 [level 11.1]
    Renderer: Intel(R) UHD Graphics 630 (ID=0x9bc5)
    Vendor:   
    VRAM:     8085 MB
    Driver:   30.0.101.2079
Begin MonoManager ReloadAssembly
- Completed reload, in  0.067 seconds
OnLevelWasLoaded was found on GameMap
This message has been deprecated and will be removed in a later version of Unity.
Add a delegate to SceneManager.sceneLoaded instead to get notifications after scene loading has completed

OnLevelWasLoaded was found on PlayMakerUnity2d
This message has been deprecated and will be removed in a later version of Unity.
Add a delegate to SceneManager.sceneLoaded instead to get notifications after scene loading has completed

D3D11 device created for Microsoft Media Foundation video decoding.
<RI> Initializing input.
<RI> Input initialized.
<RI> Initialized touch support.
The class named 'ConfigManager' is abstract. The script class can't be abstract!

UnloadTime: 0.994300 ms
Graphics tier changed to High

GOG signing in...

Selected online subsystem GOGGalaxyOnlineSubsystem

Discovered supported languages: DE, EN, ES, FR, IT, JA, KO, PT, RU, ZH

Unloading 5 Unused Serialized files (Serialized files now loaded: 0)
Loaded saved language code 'ZH'

Restored language code 'ZH'


Unloading 362 unused Assets to reduce memory usage. Loaded Objects now: 3824.
Total: 5.080800 ms (FindLiveObjects: 0.414800 ms CreateObjectMapping: 0.373900 ms MarkObjects: 4.075800 ms  DeleteObjects: 0.215300 ms)

Unloading 5 Unused Serialized files (Serialized files now loaded: 0)
GOG authorization failed: FAILURE_REASON_GALAXY_SERVICE_NOT_AVAILABLE

Didn't need to wait for PlayerPrefs load.

UnloadTime: 4.165200 ms
DontDestroyOnLoad only works for root GameObjects or components on root GameObjects.

Performing automatic level start.

Game controller set to None.

pd.maxHealth: 9 pd.maxHealthBase: 9

pd.maxHealth: 9 pd.maxHealthBase: 9

pd.maxHealth: 11 pd.maxHealthBase: 9

pd.maxHealth: 9 pd.maxHealthBase: 9


Unloading 30 unused Assets to reduce memory usage. Loaded Objects now: 45155.
Total: 106.520100 ms (FindLiveObjects: 2.163800 ms CreateObjectMapping: 1.206200 ms MarkObjects: 102.912700 ms  DeleteObjects: 0.236600 ms)

Making UI menu lean.

AddEventHandlerComponent: PlayMakerFixedUpdate

AddEventHandlerComponent: PlayMakerFixedUpdate

AddEventHandlerComponent: PlayMakerFixedUpdate

AddEventHandlerComponent: PlayMakerFixedUpdate

AddEventHandlerComponent: PlayMakerFixedUpdate

AddEventHandlerComponent: PlayMakerFixedUpdate

AddEventHandlerComponent: PlayMakerFixedUpdate

AddEventHandlerComponent: PlayMakerFixedUpdate

AddEventHandlerComponent: PlayMakerFixedUpdate

AddEventHandlerComponent: PlayMakerFixedUpdate

AddEventHandlerComponent: PlayMakerFixedUpdate

AddEventHandlerComponent: PlayMakerFixedUpdate

AddEventHandlerComponent: PlayMakerFixedUpdate

AddEventHandlerComponent: PlayMakerFixedUpdate

AddEventHandlerComponent: PlayMakerFixedUpdate

AddEventHandlerComponent: PlayMakerFixedUpdate

AddEventHandlerComponent: PlayMakerFixedUpdate

AddEventHandlerComponent: PlayMakerFixedUpdate

AddEventHandlerComponent: PlayMakerFixedUpdate

AddEventHandlerComponent: PlayMakerFixedUpdate

Deferring level start (marked as manual).

Unloading 25 Unused Serialized files (Serialized files now loaded: 0)

Unloading 80 unused Assets to reduce memory usage. Loaded Objects now: 53745.
Total: 135.956400 ms (FindLiveObjects: 2.754800 ms CreateObjectMapping: 1.382800 ms MarkObjects: 131.091300 ms  DeleteObjects: 0.725800 ms)

Achievement <b>MAP</b> can not be awarded in map zone <b>GODS_GLORY</b>

Achievement <b>STAG_STATION_HALF</b> can not be awarded in map zone <b>GODS_GLORY</b>

Achievement <b>GRUBFRIEND</b> can not be awarded in map zone <b>GODS_GLORY</b>

Achievement <b>METAMORPHOSIS</b> can not be awarded in map zone <b>GODS_GLORY</b>

Achievement <b>CHARMED</b> can not be awarded in map zone <b>GODS_GLORY</b>

Achievement <b>ENCHANTED</b> can not be awarded in map zone <b>GODS_GLORY</b>

Achievement <b>BLESSED</b> can not be awarded in map zone <b>GODS_GLORY</b>

Achievement <b>SOULFUL</b> can not be awarded in map zone <b>GODS_GLORY</b>

Achievement <b>WORLDSOUL</b> can not be awarded in map zone <b>GODS_GLORY</b>

Achievement <b>PROTECTED</b> can not be awarded in map zone <b>GODS_GLORY</b>

Achievement <b>MASKED</b> can not be awarded in map zone <b>GODS_GLORY</b>

Achievement <b>ATTUNEMENT</b> can not be awarded in map zone <b>GODS_GLORY</b>

Achievement <b>AWAKENING</b> can not be awarded in map zone <b>GODS_GLORY</b>

Achievement <b>ASCENSION</b> can not be awarded in map zone <b>GODS_GLORY</b>

Achievement <b>HORNET_1</b> can not be awarded in map zone <b>GODS_GLORY</b>

Achievement <b>HORNET_2</b> can not be awarded in map zone <b>GODS_GLORY</b>

Achievement <b>SOUL_MASTER_DEFEAT</b> can not be awarded in map zone <b>GODS_GLORY</b>

Achievement <b>DREAM_SOUL_MASTER_DEFEAT</b> can not be awarded in map zone <b>GODS_GLORY</b>

Achievement <b>BROKEN_VESSEL</b> can not be awarded in map zone <b>GODS_GLORY</b>

Achievement <b>DREAM_BROKEN_VESSEL</b> can not be awarded in map zone <b>GODS_GLORY</b>

Achievement <b>DUNG_DEFENDER</b> can not be awarded in map zone <b>GODS_GLORY</b>

Achievement <b>DREAM_FK</b> can not be awarded in map zone <b>GODS_GLORY</b>

Achievement <b>MANTIS_LORDS</b> can not be awarded in map zone <b>GODS_GLORY</b>

Achievement <b>COLLECTOR</b> can not be awarded in map zone <b>GODS_GLORY</b>

Achievement <b>TRAITOR_LORD</b> can not be awarded in map zone <b>GODS_GLORY</b>

Achievement <b>WHITE_DEFENDER</b> can not be awarded in map zone <b>GODS_GLORY</b>

Achievement <b>BEAST</b> can not be awarded in map zone <b>GODS_GLORY</b>

Achievement <b>WATCHER</b> can not be awarded in map zone <b>GODS_GLORY</b>

Achievement <b>TEACHER</b> can not be awarded in map zone <b>GODS_GLORY</b>

Achievement <b>COLOSSEUM_1</b> can not be awarded in map zone <b>GODS_GLORY</b>

Achievement <b>COLOSSEUM_2</b> can not be awarded in map zone <b>GODS_GLORY</b>

Achievement <b>GRIMM</b> can not be awarded in map zone <b>GODS_GLORY</b>

Object Pool attached to GlobalPool has run out of Run Effects prefabs, Instantiating an additional one.

Object Pool attached to GlobalPool has run out of Run Effects prefabs, Instantiating an additional one.

Deferring level start (marked as manual).

Using fallback 1 to find tilemap. Scene GG_Boss_Door_Entrance requires manual fixing.

Using fallback 2 to find tilemap. Scene GG_Boss_Door_Entrance requires manual fixing.

Failed to find tilemap in GG_Boss_Door_Entrance entirely.

AddEventHandlerComponent: PlayMakerFixedUpdate

AddEventHandlerComponent: PlayMakerFixedUpdate

AddEventHandlerComponent: PlayMakerFixedUpdate

AddEventHandlerComponent: PlayMakerFixedUpdate

AddEventHandlerComponent: PlayMakerFixedUpdate

AddEventHandlerComponent: PlayMakerFixedUpdate

AddEventHandlerComponent: PlayMakerFixedUpdate

AddEventHandlerComponent: PlayMakerFixedUpdate

Deferring level start (marked as manual).

AddEventHandlerComponent: PlayMakerFixedUpdate

PlayOneShot was called with a null AudioClip.

Object Pool attached to GlobalPool has run out of Strike Nail R prefabs, Instantiating an additional one.

Object Pool attached to GlobalPool has run out of Slash Impact R prefabs, Instantiating an additional one.

nailDamage: 21, multiplied: 26.25

nailDamage: 21, multiplied: 26.25

Object Pool attached to GlobalPool has run out of Slash Impact R prefabs, Instantiating an additional one.

Object Pool attached to GlobalPool has run out of Strike Nail R prefabs, Instantiating an additional one.

Object Pool attached to GlobalPool has run out of Strike Nail R prefabs, Instantiating an additional one.

Object Pool attached to GlobalPool has run out of Slash Impact R prefabs, Instantiating an additional one.

Object Pool attached to GlobalPool has run out of Run Effects prefabs, Instantiating an additional one.

Object Pool attached to GlobalPool has run out of particle_orange blood prefabs, Instantiating an additional one.

Object Pool attached to GlobalPool has run out of particle_orange blood prefabs, Instantiating an additional one.

Object Pool attached to GlobalPool has run out of particle_orange blood prefabs, Instantiating an additional one.

Object Pool attached to GlobalPool has run out of particle_orange blood prefabs, Instantiating an additional one.

Object Pool attached to GlobalPool has run out of particle_orange blood prefabs, Instantiating an additional one.

Object Pool attached to GlobalPool has run out of particle_orange blood prefabs, Instantiating an additional one.

AddEventHandlerComponent: PlayMakerFixedUpdate

AddEventHandlerComponent: PlayMakerFixedUpdate

AddEventHandlerComponent: PlayMakerFixedUpdate

AddEventHandlerComponent: PlayMakerFixedUpdate

AddEventHandlerComponent: PlayMakerFixedUpdate

AddEventHandlerComponent: PlayMakerFixedUpdate

Object Pool attached to GlobalPool has run out of Fireball2 Top prefabs, Instantiating an additional one.

AddEventHandlerComponent: PlayMakerFixedUpdate

Object Pool attached to GlobalPool has run out of Fireball2 Spiral prefabs, Instantiating an additional one.

AddEventHandlerComponent: PlayMakerFixedUpdate

PlayOneShot was called with a null AudioClip.

Boss scene ended

Continuing boss sequence...

Deferring level start (marked as manual).

AddEventHandlerComponent: PlayMakerFixedUpdate

AddEventHandlerComponent: PlayMakerFixedUpdate

AddEventHandlerComponent: PlayMakerFixedUpdate

Object Pool attached to GlobalPool has run out of Audio Player Actor 2D prefabs, Instantiating an additional one.

AddEventHandlerComponent: PlayMakerFixedUpdate

AddEventHandlerComponent: PlayMakerFixedUpdate

Object Pool attached to GlobalPool has run out of Audio Player Actor 2D prefabs, Instantiating an additional one.

AddEventHandlerComponent: PlayMakerFixedUpdate

AddEventHandlerComponent: PlayMakerFixedUpdate

AddEventHandlerComponent: PlayMakerFixedUpdate

AddEventHandlerComponent: PlayMakerFixedUpdate

AddEventHandlerComponent: PlayMakerFixedUpdate

AddEventHandlerComponent: PlayMakerFixedUpdate

AddEventHandlerComponent: PlayMakerFixedUpdate

AddEventHandlerComponent: PlayMakerFixedUpdate

AddEventHandlerComponent: PlayMakerFixedUpdate

AddEventHandlerComponent: PlayMakerFixedUpdate

AddEventHandlerComponent: PlayMakerFixedUpdate

AddEventHandlerComponent: PlayMakerFixedUpdate

AddEventHandlerComponent: PlayMakerFixedUpdate

AddEventHandlerComponent: PlayMakerFixedUpdate

nailDamage: 21, multiplied: 52.5

nailDamage: 21, multiplied: 52.5

nailDamage: 21, multiplied: 52.5

nailDamage: 21, multiplied: 52.5

nailDamage: 21, multiplied: 52.5

Boss scene ended

Continuing boss sequence...

AddEventHandlerComponent: PlayMakerFixedUpdate

AddEventHandlerComponent: PlayMakerFixedUpdate

Deferring level start (marked as manual).

Object Pool attached to GlobalPool could not find a copy of Slash Effect Shade, Instantiating a new one.

Object Pool attached to GlobalPool has run out of Slash Effect Shade prefabs, Instantiating an additional one.

Object Pool attached to GlobalPool has run out of Slash Effect Shade prefabs, Instantiating an additional one.

Object Pool attached to GlobalPool has run out of Hit Flash Black prefabs, Instantiating an additional one.

Object Pool attached to GlobalPool has run out of Hit Flash Black prefabs, Instantiating an additional one.

AddEventHandlerComponent: PlayMakerFixedUpdate

Object Pool attached to GlobalPool could not find a copy of Hit Puff Med, Instantiating a new one.

AddEventHandlerComponent: PlayMakerFixedUpdate

AddEventHandlerComponent: PlayMakerFixedUpdate

AddEventHandlerComponent: PlayMakerFixedUpdate

Object Pool attached to GlobalPool has run out of Hit Puff Med prefabs, Instantiating an additional one.

Object Pool attached to GlobalPool has run out of Hit Shade prefabs, Instantiating an additional one.

AddEventHandlerComponent: PlayMakerFixedUpdate

AddEventHandlerComponent: PlayMakerFixedUpdate

AddEventHandlerComponent: PlayMakerFixedUpdate

Object Pool attached to GlobalPool has run out of Hit Puff Med prefabs, Instantiating an additional one.

AddEventHandlerComponent: PlayMakerFixedUpdate

AddEventHandlerComponent: PlayMakerFixedUpdate

AddEventHandlerComponent: PlayMakerFixedUpdate

AddEventHandlerComponent: PlayMakerFixedUpdate

AddEventHandlerComponent: PlayMakerFixedUpdate

AddEventHandlerComponent: PlayMakerFixedUpdate

AddEventHandlerComponent: PlayMakerFixedUpdate

AddEventHandlerComponent: PlayMakerFixedUpdate

PlayOneShot was called with a null AudioClip.

Object Pool attached to GlobalPool has run out of Run Effects prefabs, Instantiating an additional one.

Boss scene ended

Continuing boss sequence...

AddEventHandlerComponent: PlayMakerFixedUpdate

Deferring level start (marked as manual).

AddEventHandlerComponent: PlayMakerFixedUpdate

nailDamage: 21, multiplied: 26.25

nailDamage: 21, multiplied: 26.25

PlayOneShot was called with a null AudioClip.

AddEventHandlerComponent: PlayMakerFixedUpdate

AddEventHandlerComponent: PlayMakerFixedUpdate

AddEventHandlerComponent: PlayMakerFixedUpdate

AddEventHandlerComponent: PlayMakerFixedUpdate

AddEventHandlerComponent: PlayMakerFixedUpdate

AddEventHandlerComponent: PlayMakerFixedUpdate

AddEventHandlerComponent: PlayMakerFixedUpdate

AddEventHandlerComponent: PlayMakerFixedUpdate

AddEventHandlerComponent: PlayMakerFixedUpdate

AddEventHandlerComponent: PlayMakerFixedUpdate

AddEventHandlerComponent: PlayMakerFixedUpdate

AddEventHandlerComponent: PlayMakerFixedUpdate

PlayOneShot was called with a null AudioClip.

PlayOneShot was called with a null AudioClip.

PlayOneShot was called with a null AudioClip.

PlayOneShot was called with a null AudioClip.

PlayOneShot was called with a null AudioClip.

PlayOneShot was called with a null AudioClip.

PlayOneShot was called with a null AudioClip.

PlayOneShot was called with a null AudioClip.

PlayOneShot was called with a null AudioClip.

PlayOneShot was called with a null AudioClip.

PlayOneShot was called with a null AudioClip.

PlayOneShot was called with a null AudioClip.

PlayOneShot was called with a null AudioClip.

AddEventHandlerComponent: PlayMakerFixedUpdate

AddEventHandlerComponent: PlayMakerFixedUpdate

AddEventHandlerComponent: PlayMakerFixedUpdate

AddEventHandlerComponent: PlayMakerFixedUpdate

AddEventHandlerComponent: PlayMakerFixedUpdate

AddEventHandlerComponent: PlayMakerFixedUpdate

AddEventHandlerComponent: PlayMakerFixedUpdate

AddEventHandlerComponent: PlayMakerFixedUpdate

PlayOneShot was called with a null AudioClip.

PlayOneShot was called with a null AudioClip.

PlayOneShot was called with a null AudioClip.

PlayOneShot was called with a null AudioClip.

PlayOneShot was called with a null AudioClip.

PlayOneShot was called with a null AudioClip.

PlayOneShot was called with a null AudioClip.

PlayOneShot was called with a null AudioClip.

PlayOneShot was called with a null AudioClip.

PlayOneShot was called with a null AudioClip.

PlayOneShot was called with a null AudioClip.

PlayOneShot was called with a null AudioClip.

PlayOneShot was called with a null AudioClip.

PlayOneShot was called with a null AudioClip.

PlayOneShot was called with a null AudioClip.

Object Pool attached to GlobalPool has run out of particle_orange blood prefabs, Instantiating an additional one.

Object Pool attached to GlobalPool has run out of particle_orange blood prefabs, Instantiating an additional one.

Object Pool attached to GlobalPool has run out of particle_orange blood prefabs, Instantiating an additional one.

Object Pool attached to GlobalPool has run out of particle_orange blood prefabs, Instantiating an additional one.

Could not find FSM: recoil

Object Pool attached to GlobalPool has run out of particle_orange blood prefabs, Instantiating an additional one.

Object Pool attached to GlobalPool has run out of particle_orange blood prefabs, Instantiating an additional one.

Object Pool attached to GlobalPool has run out of particle_orange blood prefabs, Instantiating an additional one.

Object Pool attached to GlobalPool has run out of particle_orange blood prefabs, Instantiating an additional one.

Object Pool attached to GlobalPool has run out of particle_orange blood prefabs, Instantiating an additional one.

Object Pool attached to GlobalPool has run out of particle_orange blood prefabs, Instantiating an additional one.

Object Pool attached to GlobalPool has run out of particle_orange blood prefabs, Instantiating an additional one.

Object Pool attached to GlobalPool has run out of particle_orange blood prefabs, Instantiating an additional one.

Object Pool attached to GlobalPool has run out of particle_orange blood prefabs, Instantiating an additional one.

Object Pool attached to GlobalPool has run out of particle_orange blood prefabs, Instantiating an additional one.

Object Pool attached to GlobalPool has run out of particle_orange blood prefabs, Instantiating an additional one.

Object Pool attached to GlobalPool has run out of particle_orange blood prefabs, Instantiating an additional one.

Object Pool attached to GlobalPool has run out of particle_orange blood prefabs, Instantiating an additional one.

Object Pool attached to GlobalPool has run out of particle_orange blood prefabs, Instantiating an additional one.

Object Pool attached to GlobalPool has run out of particle_orange blood prefabs, Instantiating an additional one.

Object Pool attached to GlobalPool has run out of particle_orange blood prefabs, Instantiating an additional one.

Object Pool attached to GlobalPool has run out of particle_orange blood prefabs, Instantiating an additional one.

Object Pool attached to GlobalPool has run out of particle_orange blood prefabs, Instantiating an additional one.

Object Pool attached to GlobalPool has run out of particle_orange blood prefabs, Instantiating an additional one.

Object Pool attached to GlobalPool has run out of particle_orange blood prefabs, Instantiating an additional one.

Object Pool attached to GlobalPool has run out of particle_orange blood prefabs, Instantiating an additional one.

Object Pool attached to GlobalPool has run out of particle_orange blood prefabs, Instantiating an additional one.

Object Pool attached to GlobalPool has run out of particle_orange blood prefabs, Instantiating an additional one.

AddEventHandlerComponent: PlayMakerFixedUpdate

AddEventHandlerComponent: PlayMakerFixedUpdate

AddEventHandlerComponent: PlayMakerFixedUpdate

AddEventHandlerComponent: PlayMakerFixedUpdate

AddEventHandlerComponent: PlayMakerFixedUpdate

AddEventHandlerComponent: PlayMakerFixedUpdate

AddEventHandlerComponent: PlayMakerFixedUpdate

AddEventHandlerComponent: PlayMakerFixedUpdate

AddEventHandlerComponent: PlayMakerFixedUpdate

AddEventHandlerComponent: PlayMakerFixedUpdate

AddEventHandlerComponent: PlayMakerFixedUpdate

PlayOneShot was called with a null AudioClip.

Boss scene ended

Continuing boss sequence...

AddEventHandlerComponent: PlayMakerFixedUpdate

Deferring level start (marked as manual).

AddEventHandlerComponent: PlayMakerFixedUpdate

Unsupported type: null

Object Pool attached to GlobalPool has run out of Grimm UP Ball prefabs, Instantiating an additional one.

AddEventHandlerComponent: PlayMakerFixedUpdate

PlayOneShot was called with a null AudioClip.

Object Pool attached to GlobalPool could not find a copy of Uninfected Hit Pt, Instantiating a new one.

AddEventHandlerComponent: PlayMakerFixedUpdate

PlayOneShot was called with a null AudioClip.

AddEventHandlerComponent: PlayMakerFixedUpdate

PlayOneShot was called with a null AudioClip.

AddEventHandlerComponent: PlayMakerFixedUpdate

PlayOneShot was called with a null AudioClip.

nailDamage: 21, multiplied: 52.5

PlayOneShot was called with a null AudioClip.

Object Pool attached to GlobalPool has run out of Uninfected Hit Pt prefabs, Instantiating an additional one.

nailDamage: 21, multiplied: 52.5

PlayOneShot was called with a null AudioClip.

Object Pool attached to GlobalPool has run out of Uninfected Hit Pt prefabs, Instantiating an additional one.

Object Pool attached to GlobalPool has run out of Flameball Grimmballoon Straight prefabs, Instantiating an additional one.

Object Pool attached to GlobalPool has run out of Flameball Grimmballoon Straight prefabs, Instantiating an additional one.

Object Pool attached to GlobalPool has run out of Flameball Grimmballoon Straight prefabs, Instantiating an additional one.

Object Pool attached to GlobalPool has run out of Flameball Grimmballoon Straight prefabs, Instantiating an additional one.

Object Pool attached to GlobalPool has run out of Flameball Grimmballoon prefabs, Instantiating an additional one.

Object Pool attached to GlobalPool has run out of Flameball Grimmballoon prefabs, Instantiating an additional one.

Object Pool attached to GlobalPool has run out of Flameball Grimmballoon prefabs, Instantiating an additional one.

Object Pool attached to GlobalPool has run out of Flameball Grimmballoon prefabs, Instantiating an additional one.

Object Pool attached to GlobalPool has run out of Flameball Grimmballoon Straight prefabs, Instantiating an additional one.

Object Pool attached to GlobalPool has run out of Flameball Grimmballoon Straight prefabs, Instantiating an additional one.

PlayOneShot was called with a null AudioClip.

nailDamage: 21, multiplied: 52.5

nailDamage: 21, multiplied: 52.5

PlayOneShot was called with a null AudioClip.

PlayOneShot was called with a null AudioClip.

nailDamage: 21, multiplied: 52.5

Unsupported type: null

PlayOneShot was called with a null AudioClip.

d3d11: failed to create staging 2D texture w=1 h=1 d3dfmt=28 [887a0005]
d3d11: failed to create staging 2D texture w=1 h=1 d3dfmt=28 [887a0005]
d3d11: failed to create staging 2D texture w=1 h=1 d3dfmt=28 [887a0005]
d3d11: failed to create staging 2D texture w=1 h=1 d3dfmt=28 [887a0005]
