Mono path[0] = 'D:/game/Magicraft/Magicraft_Data/Managed'
Mono config path = 'D:/game/Magicraft/MonoBleedingEdge/etc'
AS: AutoStreaming module initializing.
[Physics::Module] Initialized MultithreadedJobDispatcher with {0} workers.
Initialize engine version: 2021.3.32f1c1 (fa19b96eeab7)
[Subsystems] Discovering subsystems at path D:/game/Magicraft/Magicraft_Data/UnitySubsystems
GfxDevice: creating device client; threaded=1; jobified=1
Direct3D:
    Version:  Direct3D 11.0 [level 11.1]
    Renderer: AMD Radeon(TM) 530 (ID=0x6900)
    Vendor:   ATI
    VRAM:     2039 MB
    Driver:   26.20.12026.2001
Begin MonoManager ReloadAssembly
- Completed reload, in  0.301 seconds
D3D11 device created for Microsoft Media Foundation video decoding.
<RI> Initializing input.
New input system (experimental) initialized
Using XInput
<RI> Input initialized.
<RI> Initialized touch support.
UnloadTime: 128.912700 ms
SteamID: 76561197960270388
SteamConnected
通关记录备份不存在
生成新的通关记录
通关数据存在
Unloading 6 Unused Serialized files (Serialized files now loaded: 0)
UnloadTime: 11.345800 ms
先获取我的数据
开始获取我的数据
You must have atleast one friend to use the SteamFriends test!
======================================================================
Game Version: 1.0.40f1
Launch Time: 2024-12-4 21:29:15
OS: Windows 10  (10.0.19045) 64bit
Device: Desktop
DeviceModel: 81FU (LENOVO)
Current Directory: D:\game\Magicraft
Domain Base Directory: D:\game\Magicraft
Files in game directory: 
	 - D:\game\Magicraft\Magicraft_BurstDebugInformation_DoNotShip\
	 - D:\game\Magicraft\Magicraft_Data\
	 - D:\game\Magicraft\MonoBleedingEdge\
	 - D:\game\Magicraft\SteamData\
	 - D:\game\Magicraft\Magicraft.exe
	 - D:\game\Magicraft\steam_appid.txt
	 - D:\game\Magicraft\UNINSTALL.exe
	 - D:\game\Magicraft\UnityCrashHandler64.exe
	 - D:\game\Magicraft\UnityPlayer.dll
	 - D:\game\Magicraft\www.gamer520.com.url
	 - D:\game\Magicraft\防迷路-laoquzhang.com.url
MD5 Check:
	 - \Magicraft_Data\Managed\Assembly-CSharp.dll >>> b4768dd90bfcc9fe3500c4fefc494fba
	 - \Magicraft_Data\Plugins\x86_64\steam_api64.dll >>> 9538d3d22a3e98272136f711d5bc09a5
	 - \Magicraft.exe >>> d6a58bf74984bbdc47f2be1bbf80db43
Check time cost: 0.368
======================================================================
Unloading 18245 unused Assets to reduce memory usage. Loaded Objects now: 10517.
Total: 69.317400 ms (FindLiveObjects: 1.657000 ms CreateObjectMapping: 1.935000 ms MarkObjects: 30.417000 ms  DeleteObjects: 35.307800 ms)

Unloading 4 Unused Serialized files (Serialized files now loaded: 0)
UnloadTime: 3.657100 ms
图片和视频都不存在
Unloading 23 unused Assets to reduce memory usage. Loaded Objects now: 11910.
Total: 15.616700 ms (FindLiveObjects: 0.795200 ms CreateObjectMapping: 0.347400 ms MarkObjects: 14.345100 ms  DeleteObjects: 0.128600 ms)

我的数据获取完成steamID76561197960270388
开始获取朋友统计
没朋友
Unexpected timestamp values detected. This can occur in H.264 videos not encoded with the baseline profile. Timestamps will be skewed to correct the playback for D:/game/Magicraft/Magicraft_Data/sharedassets6.resource
WindowsVideoMedia error unhandled Color Standard: 0  falling back to default this may result in rendering issues
WindowsVideoMedia error unhandled Color Standard: 0  falling back to default this may result in rendering issues
WindowsVideoMedia error unhandled Color Standard: 0  falling back to default this may result in rendering issues
WindowsVideoMedia error unhandled Color Standard: 0  falling back to default this may result in rendering issues
WindowsVideoMedia error unhandled Color Standard: 0  falling back to default this may result in rendering issues
WindowsVideoMedia error unhandled Color Standard: 0  falling back to default this may result in rendering issues
WindowsVideoMedia error unhandled Color Standard: 0  falling back to default this may result in rendering issues
WindowsVideoMedia error unhandled Color Standard: 0  falling back to default this may result in rendering issues
Unloading 7 Unused Serialized files (Serialized files now loaded: 0)
UnloadTime: 14.094400 ms
加载Camp场景预制体用时:4785ms
Unloading 19204 unused Assets to reduce memory usage. Loaded Objects now: 31700.
Total: 31.926800 ms (FindLiveObjects: 3.443300 ms CreateObjectMapping: 3.048100 ms MarkObjects: 17.865000 ms  DeleteObjects: 7.570000 ms)

enter Camp
Camp Awake->Start:281ms
SaveData
SaveData
SaveData
recover
Unloading 6 Unused Serialized files (Serialized files now loaded: 0)
UnloadTime: 106.002100 ms
Releasing render texture that is set as Camera.targetTexture!
Unloading 13376 unused Assets to reduce memory usage. Loaded Objects now: 24827.
Total: 43.035400 ms (FindLiveObjects: 2.748200 ms CreateObjectMapping: 1.881900 ms MarkObjects: 27.064100 ms  DeleteObjects: 11.340700 ms)

1011finish
CFG 为空的法杖不能 ResetAndRecheck
10008finish
SaveData
CFG 为空的法杖不能 ResetAndRecheck
10130finish
SaveData
CFG 为空的法杖不能 ResetAndRecheck
10051finish
SaveData
CFG 为空的法杖不能 ResetAndRecheck
10074finish
SaveData
CFG 为空的法杖不能 ResetAndRecheck
10126finish
SaveData
CFG 为空的法杖不能 ResetAndRecheck
11002finish
SaveData
20005finish
SaveData
SaveData
20055finish
SaveData
没找到可以行走的点,返回最接近的点
为什么没有找到点 请检查！
为什么没有找到点 请检查！
为什么没有找到点 请检查！
没有路径 这不应该发生！
20167finish
SaveData
20047finish
SaveData
20110finish
SaveData
20016finish
SaveData
21002finish
SaveData
为什么没有找到点 请检查！
为什么没有找到点 请检查！
没有路径 这不应该发生！
IndexOutOfRangeException: Index was outside the bounds of the array.
  at NHBMFIKJGEB.CheckStuck () [0x000ab] in <ae9adb876ed44f5aba4efbf168c379e4>:0 
  at NHBMFIKJGEB.Update () [0x00018] in <ae9adb876ed44f5aba4efbf168c379e4>:0 

SaveData
SaveData
SaveData
30117finish
SaveData
30097finish
SaveData
30148finish
SaveData
SaveData
30135finish
SaveData
31003finish
SaveData
40076finish
SaveData
40028finish
SaveData
40040finish
SaveData
没找到可以行走的点,返回最接近的点
为什么没有找到点 请检查！
为什么没有找到点 请检查！
为什么没有找到点 请检查！
没有路径 这不应该发生！
40030finish
SaveData
40003finish
SaveData
SaveData
40080finish
SaveData
40026finish
SaveData
没找到可以行走的点,返回最接近的点
Player Dead
击杀者id500321
SaveData
Unloading 7 Unused Serialized files (Serialized files now loaded: 0)
UnloadTime: 84.593300 ms
加载Camp场景预制体用时:937ms
Releasing render texture that is set as Camera.targetTexture!
Unloading 44165 unused Assets to reduce memory usage. Loaded Objects now: 36924.
Total: 135.522100 ms (FindLiveObjects: 7.059500 ms CreateObjectMapping: 6.999600 ms MarkObjects: 28.939300 ms  DeleteObjects: 92.523200 ms)

enter Camp
Camp Awake->Start:183ms
SaveData
保存备份存档
Setting up 4 worker threads for Enlighten.
Curl error 42: Callback aborted
Memory Statistics:
[ALLOC_TEMP_TLS] TLS Allocator
  StackAllocators : 
    [ALLOC_TEMP_MAIN]
      Peak usage frame count: [1.0 KB-2.0 KB]: 3573 frames, [2.0 KB-4.0 KB]: 6 frames, [8.0 KB-16.0 KB]: 2100 frames, [16.0 KB-32.0 KB]: 46605 frames, [32.0 KB-64.0 KB]: 5753 frames, [64.0 KB-128.0 KB]: 8504 frames, [128.0 KB-256.0 KB]: 29870 frames, [256.0 KB-0.5 MB]: 38510 frames, [0.5 MB-1.0 MB]: 3 frames, [2.0 MB-4.0 MB]: 3 frames, [4.0 MB-8.0 MB]: 2 frames
      Initial Block Size 4.0 MB
      Current Block Size 6.3 MB
      Peak Allocated Bytes 6.3 MB
      Overflow Count 1
    [ALLOC_TEMP_Loading.AsyncRead]
      Initial Block Size 64.0 KB
      Current Block Size 64.0 KB
      Peak Allocated Bytes 256 B
      Overflow Count 0
    [ALLOC_TEMP_Loading.PreloadManager]
      Initial Block Size 256.0 KB
      Current Block Size 500.0 KB
      Peak Allocated Bytes 499.1 KB
      Overflow Count 36
    [ALLOC_TEMP_Background Job.Worker 8]
      Initial Block Size 32.0 KB
      Current Block Size 32.0 KB
      Peak Allocated Bytes 67 B
      Overflow Count 0
    [ALLOC_TEMP_Background Job.Worker 9]
      Initial Block Size 32.0 KB
      Current Block Size 32.0 KB
      Peak Allocated Bytes 54 B
      Overflow Count 0
    [ALLOC_TEMP_Job.Worker 0]
      Initial Block Size 256.0 KB
      Current Block Size 256.0 KB
      Peak Allocated Bytes 74.2 KB
      Overflow Count 0
    [ALLOC_TEMP_Background Job.Worker 10]
      Initial Block Size 32.0 KB
      Current Block Size 32.0 KB
      Peak Allocated Bytes 339 B
      Overflow Count 0
    [ALLOC_TEMP_Background Job.Worker 14]
      Initial Block Size 32.0 KB
      Current Block Size 32.0 KB
      Peak Allocated Bytes 339 B
      Overflow Count 0
    [ALLOC_TEMP_Background Job.Worker 6]
      Initial Block Size 32.0 KB
      Current Block Size 32.0 KB
      Peak Allocated Bytes 54 B
      Overflow Count 0
    [ALLOC_TEMP_Background Job.Worker 12]
      Initial Block Size 32.0 KB
      Current Block Size 32.0 KB
      Peak Allocated Bytes 339 B
      Overflow Count 0
    [ALLOC_TEMP_EnlightenWorker] x 4
      Initial Block Size 64.0 KB
      Current Block Size 64.0 KB
      Peak Allocated Bytes 54 B
      Overflow Count 0
    [ALLOC_TEMP_Background Job.Worker 15]
      Initial Block Size 32.0 KB
      Current Block Size 32.0 KB
      Peak Allocated Bytes 54 B
      Overflow Count 0
    [ALLOC_TEMP_Background Job.Worker 1]
      Initial Block Size 32.0 KB
      Current Block Size 32.0 KB
      Peak Allocated Bytes 2.0 KB
      Overflow Count 0
    [ALLOC_TEMP_Background Job.Worker 2]
      Initial Block Size 32.0 KB
      Current Block Size 32.0 KB
      Peak Allocated Bytes 1.6 KB
      Overflow Count 0
    [ALLOC_TEMP_Background Job.Worker 7]
      Initial Block Size 32.0 KB
      Current Block Size 32.0 KB
      Peak Allocated Bytes 54 B
      Overflow Count 0
    [ALLOC_TEMP_UnityGfxDeviceWorker]
      Initial Block Size 256.0 KB
      Current Block Size 256.0 KB
      Peak Allocated Bytes 192.0 KB
      Overflow Count 0
    [ALLOC_TEMP_NavMesh Builder.Worker 0]
      Initial Block Size 64.0 KB
      Current Block Size 64.0 KB
      Peak Allocated Bytes 18.1 KB
      Overflow Count 0
    [ALLOC_TEMP_Background Job.Worker 5]
      Initial Block Size 32.0 KB
      Current Block Size 32.0 KB
      Peak Allocated Bytes 2.0 KB
      Overflow Count 0
    [ALLOC_TEMP_AssetGarbageCollectorHelper] x 3
      Initial Block Size 64.0 KB
      Current Block Size 64.0 KB
      Peak Allocated Bytes 0 B
      Overflow Count 0
    [ALLOC_TEMP_Background Job.Worker 13]
      Initial Block Size 32.0 KB
      Current Block Size 32.0 KB
      Peak Allocated Bytes 2.0 KB
      Overflow Count 0
    [ALLOC_TEMP_Job.Worker 1]
      Initial Block Size 256.0 KB
      Current Block Size 256.0 KB
      Peak Allocated Bytes 74.2 KB
      Overflow Count 0
    [ALLOC_TEMP_Job.Worker 2]
      Initial Block Size 256.0 KB
      Current Block Size 256.0 KB
      Peak Allocated Bytes 194.9 KB
      Overflow Count 0
    [ALLOC_TEMP_Background Job.Worker 3]
      Initial Block Size 32.0 KB
      Current Block Size 32.0 KB
      Peak Allocated Bytes 339 B
      Overflow Count 0
    [ALLOC_TEMP_Background Job.Worker 11]
      Initial Block Size 32.0 KB
      Current Block Size 32.0 KB
      Peak Allocated Bytes 339 B
      Overflow Count 0
    [ALLOC_TEMP_Background Job.Worker 0]
      Initial Block Size 32.0 KB
      Current Block Size 32.0 KB
      Peak Allocated Bytes 2.0 KB
      Overflow Count 0
    [ALLOC_TEMP_CloudJob.Worker 0] x 2
      Initial Block Size 32.0 KB
      Current Block Size 32.0 KB
      Peak Allocated Bytes 4.5 KB
      Overflow Count 0
    [ALLOC_TEMP_HIDInput]
      Initial Block Size 64.0 KB
      Current Block Size 64.0 KB
      Peak Allocated Bytes 10.8 KB
      Overflow Count 0
    [ALLOC_TEMP_Background Job.Worker 4]
      Initial Block Size 32.0 KB
      Current Block Size 32.0 KB
      Peak Allocated Bytes 54 B
      Overflow Count 0
    [ALLOC_TEMP_BatchDeleteObjects]
      Initial Block Size 64.0 KB
      Current Block Size 64.0 KB
      Peak Allocated Bytes 54 B
      Overflow Count 0
[ALLOC_DEFAULT] Dual Thread Allocator
  Peak main deferred allocation count 32217
    [ALLOC_BUCKET]
      Large Block size 4.0 MB
      Used Block count 1
      Peak Allocated bytes 4.0 MB
      Failed Allocations. Bucket layout:
        16B: 133 Subsections = 136192 buckets. Failed count: 10355192
        32B: 18 Subsections = 9216 buckets. Failed count: 10571660
        48B: 21 Subsections = 7168 buckets. Failed count: 7576894
        64B: 33 Subsections = 8448 buckets. Failed count: 1634255
        80B: 44 Subsections = 9011 buckets. Failed count: 1054972
        96B: 3 Subsections = 512 buckets. Failed count: 340318
        112B: 2 Subsections = 292 buckets. Failed count: 586952
        128B: 2 Subsections = 256 buckets. Failed count: 518883
    [ALLOC_DEFAULT_MAIN]
      Peak usage frame count: [16.0 MB-32.0 MB]: 5480 frames, [32.0 MB-64.0 MB]: 12039 frames, [64.0 MB-128.0 MB]: 72736 frames, [128.0 MB-256.0 MB]: 44674 frames
      Requested Block Size 16.0 MB
      Peak Block count 14
      Peak Allocated memory 189.1 MB
      Peak Large allocation bytes 96.9 MB
    [ALLOC_DEFAULT_THREAD]
      Peak usage frame count: [16.0 MB-32.0 MB]: 134302 frames, [32.0 MB-64.0 MB]: 625 frames, [64.0 MB-128.0 MB]: 1 frames, [128.0 MB-256.0 MB]: 1 frames
      Requested Block Size 16.0 MB
      Peak Block count 9
      Peak Allocated memory 140.2 MB
      Peak Large allocation bytes 16.0 MB
[ALLOC_TEMP_JOB_1_FRAME]
  Initial Block Size 2.0 MB
  Used Block Count 1
  Overflow Count (too large) 0
  Overflow Count (full) 0
[ALLOC_TEMP_JOB_2_FRAMES]
  Initial Block Size 2.0 MB
  Used Block Count 1
  Overflow Count (too large) 0
  Overflow Count (full) 0
[ALLOC_TEMP_JOB_4_FRAMES (JobTemp)]
  Initial Block Size 2.0 MB
  Used Block Count 11
  Overflow Count (too large) 0
  Overflow Count (full) 0
[ALLOC_TEMP_JOB_ASYNC (Background)]
  Initial Block Size 1.0 MB
  Used Block Count 64
  Overflow Count (too large) 0
  Overflow Count (full) 448
[ALLOC_GFX] Dual Thread Allocator
  Peak main deferred allocation count 661
    [ALLOC_BUCKET]
      Large Block size 4.0 MB
      Used Block count 1
      Peak Allocated bytes 4.0 MB
      Failed Allocations. Bucket layout:
        16B: 133 Subsections = 136192 buckets. Failed count: 10355192
        32B: 18 Subsections = 9216 buckets. Failed count: 10571660
        48B: 21 Subsections = 7168 buckets. Failed count: 7576894
        64B: 33 Subsections = 8448 buckets. Failed count: 1634255
        80B: 44 Subsections = 9011 buckets. Failed count: 1054972
        96B: 3 Subsections = 512 buckets. Failed count: 340318
        112B: 2 Subsections = 292 buckets. Failed count: 586952
        128B: 2 Subsections = 256 buckets. Failed count: 518883
    [ALLOC_GFX_MAIN]
      Peak usage frame count: [64.0 KB-128.0 KB]: 982 frames, [128.0 KB-256.0 KB]: 1522 frames, [256.0 KB-0.5 MB]: 1077 frames, [1.0 MB-2.0 MB]: 2030 frames, [2.0 MB-4.0 MB]: 1 frames, [4.0 MB-8.0 MB]: 4232 frames, [8.0 MB-16.0 MB]: 25208 frames, [16.0 MB-32.0 MB]: 99876 frames, [32.0 MB-64.0 MB]: 1 frames
      Requested Block Size 16.0 MB
      Peak Block count 3
      Peak Allocated memory 33.8 MB
      Peak Large allocation bytes 0 B
    [ALLOC_GFX_THREAD]
      Peak usage frame count: [256.0 KB-0.5 MB]: 2148 frames, [0.5 MB-1.0 MB]: 8357 frames, [1.0 MB-2.0 MB]: 579 frames, [2.0 MB-4.0 MB]: 20992 frames, [4.0 MB-8.0 MB]: 100701 frames, [8.0 MB-16.0 MB]: 328 frames, [16.0 MB-32.0 MB]: 1824 frames
      Requested Block Size 16.0 MB
      Peak Block count 2
      Peak Allocated memory 23.4 MB
      Peak Large allocation bytes 0 B
[ALLOC_CACHEOBJECTS] Dual Thread Allocator
  Peak main deferred allocation count 162030
    [ALLOC_BUCKET]
      Large Block size 4.0 MB
      Used Block count 1
      Peak Allocated bytes 4.0 MB
      Failed Allocations. Bucket layout:
        16B: 133 Subsections = 136192 buckets. Failed count: 10355192
        32B: 18 Subsections = 9216 buckets. Failed count: 10571660
        48B: 21 Subsections = 7168 buckets. Failed count: 7576894
        64B: 33 Subsections = 8448 buckets. Failed count: 1634255
        80B: 44 Subsections = 9011 buckets. Failed count: 1054972
        96B: 3 Subsections = 512 buckets. Failed count: 340318
        112B: 2 Subsections = 292 buckets. Failed count: 586952
        128B: 2 Subsections = 256 buckets. Failed count: 518883
    [ALLOC_CACHEOBJECTS_MAIN]
      Peak usage frame count: [32.0 MB-64.0 MB]: 3582 frames, [64.0 MB-128.0 MB]: 131347 frames
      Requested Block Size 4.0 MB
      Peak Block count 19
      Peak Allocated memory 97.7 MB
      Peak Large allocation bytes 40.8 MB
    [ALLOC_CACHEOBJECTS_THREAD]
      Peak usage frame count: [256.0 KB-0.5 MB]: 23 frames, [0.5 MB-1.0 MB]: 2314 frames, [1.0 MB-2.0 MB]: 9494 frames, [2.0 MB-4.0 MB]: 121699 frames, [4.0 MB-8.0 MB]: 1157 frames, [8.0 MB-16.0 MB]: 242 frames
      Requested Block Size 4.0 MB
      Peak Block count 4
      Peak Allocated memory 10.8 MB
      Peak Large allocation bytes 0 B
[ALLOC_TYPETREE] Dual Thread Allocator
  Peak main deferred allocation count 0
    [ALLOC_BUCKET]
      Large Block size 4.0 MB
      Used Block count 1
      Peak Allocated bytes 4.0 MB
      Failed Allocations. Bucket layout:
        16B: 133 Subsections = 136192 buckets. Failed count: 10355192
        32B: 18 Subsections = 9216 buckets. Failed count: 10571660
        48B: 21 Subsections = 7168 buckets. Failed count: 7576894
        64B: 33 Subsections = 8448 buckets. Failed count: 1634255
        80B: 44 Subsections = 9011 buckets. Failed count: 1054972
        96B: 3 Subsections = 512 buckets. Failed count: 340318
        112B: 2 Subsections = 292 buckets. Failed count: 586952
        128B: 2 Subsections = 256 buckets. Failed count: 518883
    [ALLOC_TYPETREE_MAIN]
      Peak usage frame count: [4.0 KB-8.0 KB]: 3582 frames, [32.0 KB-64.0 KB]: 10179 frames, [64.0 KB-128.0 KB]: 121168 frames
      Requested Block Size 2.0 MB
      Peak Block count 1
      Peak Allocated memory 78.6 KB
      Peak Large allocation bytes 0 B
    [ALLOC_TYPETREE_THREAD]
      Peak usage frame count: [8.0 KB-16.0 KB]: 3582 frames, [16.0 KB-32.0 KB]: 131347 frames
      Requested Block Size 2.0 MB
      Peak Block count 1
      Peak Allocated memory 25.9 KB
      Peak Large allocation bytes 0 B
